gene_ID Gene    Name	DEG
Mpha_g00098_i1	Mpha_g00098	ZDHHC11	non-DEG
Peptidase_S8_S53_subtilisin_kexin_sedolisin_Mpha_g00189_i1	Mpha_g00189	amon	DEG
Mpha_g00310_i1	Mpha_g00310	hig	DEG
Mpha_g01377_i1	Mpha_g01377	LOC105833216	non-DEG
Mpha_g02133_i2	Mpha_g02133	hwt	DEG
Mpha_g02184_i1	Mpha_g02184	LOC105835915	non-DEG
twin_of_eyeless_Mpha_g02189_i3	Mpha_g02189	toy	DEG
Mpha_g02229_i3	Mpha_g02229	SYT9	DEG
Mpha_g02232_i1	Mpha_g02232	Gycbeta100B	DEG
Mpha_g03111_i1	Mpha_g03111	Pal2	DEG
Mpha_g03242_i2	Mpha_g03242	Syngr	DEG
Mpha_g03945_i1	Mpha_g03945	CG15478	DEG
Mpha_g04046_i1	Mpha_g04046	VGAT	DEG
Mpha_g04696_i2	Mpha_g04696	LOC105830670	DEG
Mpha_g04995_i1	Mpha_g04995	DopEcR	DEG
HOX_domain_Mpha_g05014_i1	Mpha_g05014	PHDP	non-DEG
Unc-104_Mpha_g05407_i20	Mpha_g05407	unc-104	DEG
Mpha_g05521_i1	Mpha_g05521	Klp68D	DEG
Mpha_g05859_i1	Mpha_g05859	NaPi-III	non-DEG
Mpha_g06257_i2	Mpha_g06257	LOC105835821	DEG
Mpha_g06443_i1	Mpha_g06443	CG31221	DEG
Mpha_g07115_i1	Mpha_g07115	PNC1	DEG
Mpha_g07308_i1	Mpha_g07308	beat-Ib	DEG
Mpha_g07446_i2	Mpha_g07446	ChT	DEG
HOX_domain_Mpha_g07797_i1	Mpha_g07797	repo	DEG
Mpha_g07959_i1	Mpha_g07959	kek6	DEG
Mpha_g08746_i2	Mpha_g08746	CG13293	DEG
Mpha_g08758_i3	Mpha_g08758	CG15270	DEG
SIFamide_Mpha_g08814_i1	Mpha_g08814	SIFa	DEG
Mpha_g08815_i1	Mpha_g08815	LOC105838645	DEG
Mpha_g09474_i3	Mpha_g09474	Agpat1	DEG
Mpha_g10308_i1	Mpha_g10308	5-HT2A	non-DEG
Mpha_g10317_i1	Mpha_g10317	CG3860	DEG
Mpha_g10497_i1	Mpha_g10497	Oli	DEG
Mpha_g10508_i1	Mpha_g10508	CG14331	DEG
Mpha_g10572_i1	Mpha_g10572	CG42361	DEG
Mpha_g10668_i1	Mpha_g10668	Syt14	DEG
Mpha_g11833_i2	Mpha_g11833	Fie	DEG
Cytochrome_P450_Mpha_g11873_i1	Mpha_g11873	CYP4C1	non-DEG
Mpha_g12381_i1	Mpha_g12381	CG1504	DEG
Mpha_g12408_i2	Mpha_g12408	VGlut	DEG
Mpha_g12410_i1	Mpha_g12410	7B2	DEG
Mpha_g13086_i2	Mpha_g13086	Hs3st-B	DEG
Mpha_g13142_i1	Mpha_g13142	CG6282	DEG
Mpha_g13544_i1	Mpha_g13544	CG32040	non-DEG
Mpha_g13834_i2	Mpha_g13834	CG43066	DEG
Mpha_g13975_i3	Mpha_g13975	nwk	DEG
Mpha_g14845_i1	Mpha_g14845	NR2E3	non-DEG
Mpha_g14950_i1	Mpha_g14950	CG40498	DEG
Dmrt_Mpha_g14987_i1	Mpha_g14987	dmrt93B	DEG
Mpha_g15205_i1	Mpha_g15205	Slc6a1	DEG
Mpha_g15741_i1	Mpha_g15741	CG3955	non-DEG
ATG6_Mpha_g16295_i2	Mpha_g16295	ATG6	non-DEG
Mpha_g16837_i1	Mpha_g16837	Rassf8	non-DEG
